<?xml version="1.0" encoding="UTF-8"?>
<!-- Generated by org.testng.reporters.JUnitXMLReporter -->
<testsuite ignored="2" hostname="DESKTOP-JSGTNCE" failures="0" tests="1" name="Default test" time="15.552" errors="0" timestamp="2025-04-15T09:21:42 ICT">
  <testcase classname="automation.testsuite.FindMayRuaChenBat" name="findMayRuaBat_madeBy_England" time="6.499"/>
  <testcase classname="automation.testsuite.FindMayRuaChenBat" name="findMayRuaBat_price_3to5" time="0.0">
    <ignored/>
  </testcase> <!-- findMayRuaBat_price_3to5 -->
  <testcase classname="automation.testsuite.FindMayRuaChenBat" name="findMayRuaBat_brandName_bosch" time="0.0">
    <ignored/>
  </testcase> <!-- findMayRuaBat_brandName_bosch -->
</testsuite> <!-- Default test -->
