<?xml version="1.0" encoding="UTF-8"?>
<!-- Generated by org.testng.reporters.JUnitXMLReporter -->
<testsuite ignored="0" hostname="DESKTOP-JSGTNCE" failures="0" tests="2" name="TestProject with FireFox: Find built-in gas stove" time="43.221" errors="0" timestamp="2025-06-25T15:54:18 ICT">
  <testcase classname="automation.testsuite.FindBepGasProd" name="FindProEngland" time="5.468"/>
  <testcase classname="automation.testsuite.FindBepGasProd" name="FindProd" time="3.577"/>
</testsuite> <!-- TestProject with FireFox: Find built-in gas stove -->
