<?xml version="1.0" encoding="UTF-8"?>
<!-- Generated by org.testng.reporters.JUnitXMLReporter -->
<testsuite ignored="0" hostname="DESKTOP-JSGTNCE" failures="0" tests="2" name="TestProject with chrome: Find built-in gas stove" time="38.126" errors="0" timestamp="2025-04-14T09:17:53 ICT">
  <testcase classname="automation.testsuite.FindBepGasProd" name="FindProEngland" time="7.19"/>
  <testcase classname="automation.testsuite.FindBepGasProd" name="FindProd" time="5.52"/>
</testsuite> <!-- TestProject with chrome: Find built-in gas stove -->
