<?xml version="1.0" encoding="UTF-8"?>
<!-- Generated by org.testng.reporters.JUnitXMLReporter -->
<testsuite ignored="0" hostname="DESKTOP-JSGTNCE" failures="0" tests="2" name="TestProject with chrome: Find built-in gas stove" time="36.605" errors="0" timestamp="2025-06-25T15:53:35 ICT">
  <testcase classname="automation.testsuite.FindBepGasProd" name="FindProEngland" time="4.865"/>
  <testcase classname="automation.testsuite.FindBepGasProd" name="FindProd" time="3.565"/>
</testsuite> <!-- TestProject with chrome: Find built-in gas stove -->
