<?xml version="1.0" encoding="UTF-8"?>
<!-- Generated by org.testng.reporters.JUnitXMLReporter -->
<testsuite ignored="0" hostname="DESKTOP-JSGTNCE" failures="0" tests="5" name="TestProject with edge" time="0.064" errors="0" timestamp="2025-04-09T09:38:22 ICT">
  <testcase classname="automation.testsuite.TestHomePage" name="placeOrderFailed" time="0.0">
    <skipped/>
  </testcase> <!-- placeOrderFailed -->
  <testcase classname="automation.testsuite.TestHomePage" name="placeOrderFailed" time="0.0">
    <skipped/>
  </testcase> <!-- placeOrderFailed -->
  <testcase classname="automation.testsuite.TestHomePage" name="placeOrderFailed" time="0.0">
    <skipped/>
  </testcase> <!-- placeOrderFailed -->
  <testcase classname="automation.testsuite.TestHomePage" name="placeOrderFailed" time="0.0">
    <skipped/>
  </testcase> <!-- placeOrderFailed -->
  <testcase classname="automation.testsuite.TestHomePage" name="placeOrderFailed" time="0.0">
    <skipped/>
  </testcase> <!-- placeOrderFailed -->
</testsuite> <!-- TestProject with edge -->
