<?xml version="1.0" encoding="UTF-8"?>
<!-- Generated by org.testng.reporters.JUnitXMLReporter -->
<testsuite ignored="0" hostname="DESKTOP-JSGTNCE" failures="8" tests="8" name="TestProject with firefox" time="264.817" errors="0" timestamp="2025-04-03T09:39:31 ICT">
  <testcase classname="automation.testsuite.TestHomePage" name="placeOrderWithoutInfo" time="1.931">
    <failure type="org.openqa.selenium.ElementClickInterceptedException" message="Element &amp;lt;a class=&amp;quot;cursor-pointer relative bg-white product-card xs:pt-2.5 md:pt-4 xs:px-3 md:px-[11px] xs:pb-3 md:pb-6 border border-grey-100 p-1 w-1/2 md:w-1/3 lg:w-1/4&amp;quot; href=&amp;quot;/bep-tu-doi-bosch-ppi82560ms1&amp;quot;&amp;gt; is not clickable at point (497,726) because another element &amp;lt;img class=&amp;quot;w-full&amp;quot; src=&amp;quot;/images/icons/adv-messenger.png&amp;quot;&amp;gt; obscures it
Build info: version: &amp;apos;4.30.0&amp;apos;, revision: &amp;apos;509c7f17cc*&amp;apos;
System info: os.name: &amp;apos;Windows 10&amp;apos;, os.arch: &amp;apos;amd64&amp;apos;, os.version: &amp;apos;10.0&amp;apos;, java.version: &amp;apos;21.0.6&amp;apos;
Driver info: org.openqa.selenium.firefox.FirefoxDriver
Command: [22bac6de-c350-4792-8c94-6baf043262fa, clickElement {id=116f9c43-8a2f-4e13-9d55-5b42570b5c56}]
Capabilities {acceptInsecureCerts: true, browserName: firefox, browserVersion: 137.0, moz:accessibilityChecks: false, moz:buildID: 20250327043313, moz:geckodriverVersion: 0.36.0, moz:headless: false, moz:platformVersion: 10.0, moz:processID: 9796, moz:profile: C:\Users\admin\AppData\Loca..., moz:shutdownTimeout: 60000, moz:webdriverClick: true, moz:windowless: false, pageLoadStrategy: normal, platformName: windows, proxy: Proxy(), setWindowRect: true, strictFileInteractability: false, timeouts: {implicit: 0, pageLoad: 300000, script: 30000}, unhandledPromptBehavior: dismiss and notify, userAgent: Mozilla/5.0 (Windows NT 10....}
Element: [[FirefoxDriver: firefox on windows (22bac6de-c350-4792-8c94-6baf043262fa)] -&amp;gt; xpath: (//div[@class = &amp;apos;flex flex-wrap product-list&amp;apos;]//a)[1]]
Session ID: 22bac6de-c350-4792-8c94-6baf043262fa">
      <![CDATA[org.openqa.selenium.ElementClickInterceptedException: Element <a class="cursor-pointer relative bg-white product-card xs:pt-2.5 md:pt-4 xs:px-3 md:px-[11px] xs:pb-3 md:pb-6 border border-grey-100 p-1 w-1/2 md:w-1/3 lg:w-1/4" href="/bep-tu-doi-bosch-ppi82560ms1"> is not clickable at point (497,726) because another element <img class="w-full" src="/images/icons/adv-messenger.png"> obscures it
Build info: version: '4.30.0', revision: '509c7f17cc*'
System info: os.name: 'Windows 10', os.arch: 'amd64', os.version: '10.0', java.version: '21.0.6'
Driver info: org.openqa.selenium.firefox.FirefoxDriver
Command: [22bac6de-c350-4792-8c94-6baf043262fa, clickElement {id=116f9c43-8a2f-4e13-9d55-5b42570b5c56}]
Capabilities {acceptInsecureCerts: true, browserName: firefox, browserVersion: 137.0, moz:accessibilityChecks: false, moz:buildID: 20250327043313, moz:geckodriverVersion: 0.36.0, moz:headless: false, moz:platformVersion: 10.0, moz:processID: 9796, moz:profile: C:\Users\admin\AppData\Loca..., moz:shutdownTimeout: 60000, moz:webdriverClick: true, moz:windowless: false, pageLoadStrategy: normal, platformName: windows, proxy: Proxy(), setWindowRect: true, strictFileInteractability: false, timeouts: {implicit: 0, pageLoad: 300000, script: 30000}, unhandledPromptBehavior: dismiss and notify, userAgent: Mozilla/5.0 (Windows NT 10....}
Element: [[FirefoxDriver: firefox on windows (22bac6de-c350-4792-8c94-6baf043262fa)] -> xpath: (//div[@class = 'flex flex-wrap product-list']//a)[1]]
Session ID: 22bac6de-c350-4792-8c94-6baf043262fa
at org.openqa.selenium.remote.ErrorCodec.decode(ErrorCodec.java:167)
at org.openqa.selenium.remote.codec.w3c.W3CHttpResponseCodec.decode(W3CHttpResponseCodec.java:138)
at org.openqa.selenium.remote.codec.w3c.W3CHttpResponseCodec.decode(W3CHttpResponseCodec.java:50)
at org.openqa.selenium.remote.HttpCommandExecutor.execute(HttpCommandExecutor.java:215)
at org.openqa.selenium.remote.service.DriverCommandExecutor.invokeExecute(DriverCommandExecutor.java:216)
at org.openqa.selenium.remote.service.DriverCommandExecutor.execute(DriverCommandExecutor.java:174)
at org.openqa.selenium.remote.RemoteWebDriver.execute(RemoteWebDriver.java:545)
at org.openqa.selenium.remote.RemoteWebElement.execute(RemoteWebElement.java:223)
at org.openqa.selenium.remote.RemoteWebElement.click(RemoteWebElement.java:76)
at automation.common.CommonBase.clickToElement(CommonBase.java:121)
at automation.pageLocators.BepHomePage.OrderBepTuProd(BepHomePage.java:26)
at automation.testsuite.TestHomePage.placeOrderWithoutInfo(TestHomePage.java:32)
at java.base/java.util.ArrayList.forEach(ArrayList.java:1596)
... Removed 28 stack frames]]>
    </failure>
  </testcase> <!-- placeOrderWithoutInfo -->
  <testcase classname="automation.testsuite.TestHomePage" name="placeOrderWithoutPhoneAndAdress" time="2.524">
    <failure type="org.openqa.selenium.ElementClickInterceptedException" message="Element &amp;lt;a class=&amp;quot;cursor-pointer relative bg-white product-card xs:pt-2.5 md:pt-4 xs:px-3 md:px-[11px] xs:pb-3 md:pb-6 border border-grey-100 p-1 w-1/2 md:w-1/3 lg:w-1/4&amp;quot; href=&amp;quot;/bep-tu-doi-kainer-ka-265&amp;quot;&amp;gt; is not clickable at point (497,704) because another element &amp;lt;img class=&amp;quot;w-full&amp;quot; src=&amp;quot;/images/icons/adv-messenger.png&amp;quot;&amp;gt; obscures it
Build info: version: &amp;apos;4.30.0&amp;apos;, revision: &amp;apos;509c7f17cc*&amp;apos;
System info: os.name: &amp;apos;Windows 10&amp;apos;, os.arch: &amp;apos;amd64&amp;apos;, os.version: &amp;apos;10.0&amp;apos;, java.version: &amp;apos;21.0.6&amp;apos;
Driver info: org.openqa.selenium.firefox.FirefoxDriver
Command: [b0cdae6e-ffbb-4402-8c9c-3612a0ccbed0, clickElement {id=bbc73550-2abc-4610-b456-475c0b920c80}]
Capabilities {acceptInsecureCerts: true, browserName: firefox, browserVersion: 137.0, moz:accessibilityChecks: false, moz:buildID: 20250327043313, moz:geckodriverVersion: 0.36.0, moz:headless: false, moz:platformVersion: 10.0, moz:processID: 10644, moz:profile: C:\Users\admin\AppData\Loca..., moz:shutdownTimeout: 60000, moz:webdriverClick: true, moz:windowless: false, pageLoadStrategy: normal, platformName: windows, proxy: Proxy(), setWindowRect: true, strictFileInteractability: false, timeouts: {implicit: 0, pageLoad: 300000, script: 30000}, unhandledPromptBehavior: dismiss and notify, userAgent: Mozilla/5.0 (Windows NT 10....}
Element: [[FirefoxDriver: firefox on windows (b0cdae6e-ffbb-4402-8c9c-3612a0ccbed0)] -&amp;gt; xpath: (//div[@class = &amp;apos;flex flex-wrap product-list&amp;apos;]//a)[1]]
Session ID: b0cdae6e-ffbb-4402-8c9c-3612a0ccbed0">
      <![CDATA[org.openqa.selenium.ElementClickInterceptedException: Element <a class="cursor-pointer relative bg-white product-card xs:pt-2.5 md:pt-4 xs:px-3 md:px-[11px] xs:pb-3 md:pb-6 border border-grey-100 p-1 w-1/2 md:w-1/3 lg:w-1/4" href="/bep-tu-doi-kainer-ka-265"> is not clickable at point (497,704) because another element <img class="w-full" src="/images/icons/adv-messenger.png"> obscures it
Build info: version: '4.30.0', revision: '509c7f17cc*'
System info: os.name: 'Windows 10', os.arch: 'amd64', os.version: '10.0', java.version: '21.0.6'
Driver info: org.openqa.selenium.firefox.FirefoxDriver
Command: [b0cdae6e-ffbb-4402-8c9c-3612a0ccbed0, clickElement {id=bbc73550-2abc-4610-b456-475c0b920c80}]
Capabilities {acceptInsecureCerts: true, browserName: firefox, browserVersion: 137.0, moz:accessibilityChecks: false, moz:buildID: 20250327043313, moz:geckodriverVersion: 0.36.0, moz:headless: false, moz:platformVersion: 10.0, moz:processID: 10644, moz:profile: C:\Users\admin\AppData\Loca..., moz:shutdownTimeout: 60000, moz:webdriverClick: true, moz:windowless: false, pageLoadStrategy: normal, platformName: windows, proxy: Proxy(), setWindowRect: true, strictFileInteractability: false, timeouts: {implicit: 0, pageLoad: 300000, script: 30000}, unhandledPromptBehavior: dismiss and notify, userAgent: Mozilla/5.0 (Windows NT 10....}
Element: [[FirefoxDriver: firefox on windows (b0cdae6e-ffbb-4402-8c9c-3612a0ccbed0)] -> xpath: (//div[@class = 'flex flex-wrap product-list']//a)[1]]
Session ID: b0cdae6e-ffbb-4402-8c9c-3612a0ccbed0
at org.openqa.selenium.remote.ErrorCodec.decode(ErrorCodec.java:167)
at org.openqa.selenium.remote.codec.w3c.W3CHttpResponseCodec.decode(W3CHttpResponseCodec.java:138)
at org.openqa.selenium.remote.codec.w3c.W3CHttpResponseCodec.decode(W3CHttpResponseCodec.java:50)
at org.openqa.selenium.remote.HttpCommandExecutor.execute(HttpCommandExecutor.java:215)
at org.openqa.selenium.remote.service.DriverCommandExecutor.invokeExecute(DriverCommandExecutor.java:216)
at org.openqa.selenium.remote.service.DriverCommandExecutor.execute(DriverCommandExecutor.java:174)
at org.openqa.selenium.remote.RemoteWebDriver.execute(RemoteWebDriver.java:545)
at org.openqa.selenium.remote.RemoteWebElement.execute(RemoteWebElement.java:223)
at org.openqa.selenium.remote.RemoteWebElement.click(RemoteWebElement.java:76)
at automation.common.CommonBase.clickToElement(CommonBase.java:121)
at automation.pageLocators.BepHomePage.OrderBepTuProd(BepHomePage.java:26)
at automation.testsuite.TestHomePage.placeOrderWithoutPhoneAndAdress(TestHomePage.java:41)
at java.base/java.util.ArrayList.forEach(ArrayList.java:1596)
... Removed 28 stack frames]]>
    </failure>
  </testcase> <!-- placeOrderWithoutPhoneAndAdress -->
  <testcase classname="automation.testsuite.TestHomePage" name="placeOrderWithoutName" time="1.086">
    <failure type="org.openqa.selenium.StaleElementReferenceException" message="The element with the reference aa9cc7d2-d922-48fa-87f8-63e0acc60329 is stale; either its node document is not the active document, or it is no longer connected to the DOM
For documentation on this error, please visit: https://www.selenium.dev/documentation/webdriver/troubleshooting/errors#stale-element-reference-exception
Build info: version: &amp;apos;4.30.0&amp;apos;, revision: &amp;apos;509c7f17cc*&amp;apos;
System info: os.name: &amp;apos;Windows 10&amp;apos;, os.arch: &amp;apos;amd64&amp;apos;, os.version: &amp;apos;10.0&amp;apos;, java.version: &amp;apos;21.0.6&amp;apos;
Driver info: org.openqa.selenium.firefox.FirefoxDriver
Command: [27b9472c-c61e-4c44-9717-ee8851433fc2, isElementDisplayed {id=aa9cc7d2-d922-48fa-87f8-63e0acc60329}]
Capabilities {acceptInsecureCerts: true, browserName: firefox, browserVersion: 137.0, moz:accessibilityChecks: false, moz:buildID: 20250327043313, moz:geckodriverVersion: 0.36.0, moz:headless: false, moz:platformVersion: 10.0, moz:processID: 13548, moz:profile: C:\Users\admin\AppData\Loca..., moz:shutdownTimeout: 60000, moz:webdriverClick: true, moz:windowless: false, pageLoadStrategy: normal, platformName: windows, proxy: Proxy(), setWindowRect: true, strictFileInteractability: false, timeouts: {implicit: 0, pageLoad: 300000, script: 30000}, unhandledPromptBehavior: dismiss and notify, userAgent: Mozilla/5.0 (Windows NT 10....}
Element: [[FirefoxDriver: firefox on windows (27b9472c-c61e-4c44-9717-ee8851433fc2)] -&amp;gt; xpath: //a[@href = &amp;apos;/danh-muc/bep-tu/bosch&amp;apos;]]
Session ID: 27b9472c-c61e-4c44-9717-ee8851433fc2">
      <![CDATA[org.openqa.selenium.StaleElementReferenceException: The element with the reference aa9cc7d2-d922-48fa-87f8-63e0acc60329 is stale; either its node document is not the active document, or it is no longer connected to the DOM
For documentation on this error, please visit: https://www.selenium.dev/documentation/webdriver/troubleshooting/errors#stale-element-reference-exception
Build info: version: '4.30.0', revision: '509c7f17cc*'
System info: os.name: 'Windows 10', os.arch: 'amd64', os.version: '10.0', java.version: '21.0.6'
Driver info: org.openqa.selenium.firefox.FirefoxDriver
Command: [27b9472c-c61e-4c44-9717-ee8851433fc2, isElementDisplayed {id=aa9cc7d2-d922-48fa-87f8-63e0acc60329}]
Capabilities {acceptInsecureCerts: true, browserName: firefox, browserVersion: 137.0, moz:accessibilityChecks: false, moz:buildID: 20250327043313, moz:geckodriverVersion: 0.36.0, moz:headless: false, moz:platformVersion: 10.0, moz:processID: 13548, moz:profile: C:\Users\admin\AppData\Loca..., moz:shutdownTimeout: 60000, moz:webdriverClick: true, moz:windowless: false, pageLoadStrategy: normal, platformName: windows, proxy: Proxy(), setWindowRect: true, strictFileInteractability: false, timeouts: {implicit: 0, pageLoad: 300000, script: 30000}, unhandledPromptBehavior: dismiss and notify, userAgent: Mozilla/5.0 (Windows NT 10....}
Element: [[FirefoxDriver: firefox on windows (27b9472c-c61e-4c44-9717-ee8851433fc2)] -> xpath: //a[@href = '/danh-muc/bep-tu/bosch']]
Session ID: 27b9472c-c61e-4c44-9717-ee8851433fc2
at org.openqa.selenium.remote.ErrorCodec.decode(ErrorCodec.java:167)
at org.openqa.selenium.remote.codec.w3c.W3CHttpResponseCodec.decode(W3CHttpResponseCodec.java:138)
at org.openqa.selenium.remote.codec.w3c.W3CHttpResponseCodec.decode(W3CHttpResponseCodec.java:50)
at org.openqa.selenium.remote.HttpCommandExecutor.execute(HttpCommandExecutor.java:215)
at org.openqa.selenium.remote.service.DriverCommandExecutor.invokeExecute(DriverCommandExecutor.java:216)
at org.openqa.selenium.remote.service.DriverCommandExecutor.execute(DriverCommandExecutor.java:174)
at org.openqa.selenium.remote.RemoteWebDriver.execute(RemoteWebDriver.java:545)
at org.openqa.selenium.remote.RemoteWebElement.execute(RemoteWebElement.java:223)
at org.openqa.selenium.remote.RemoteWebElement.isDisplayed(RemoteWebElement.java:282)
at org.openqa.selenium.support.ui.ExpectedConditions.elementIfVisible(ExpectedConditions.java:304)
at org.openqa.selenium.support.ui.ExpectedConditions$10.apply(ExpectedConditions.java:290)
at org.openqa.selenium.support.ui.ExpectedConditions$10.apply(ExpectedConditions.java:287)
at org.openqa.selenium.support.ui.ExpectedConditions$23.apply(ExpectedConditions.java:656)
at org.openqa.selenium.support.ui.ExpectedConditions$23.apply(ExpectedConditions.java:652)
at org.openqa.selenium.support.ui.FluentWait.until(FluentWait.java:203)
at automation.common.CommonBase.clickToElement(CommonBase.java:120)
at automation.pageLocators.BepHomePage.OrderBepTuProd(BepHomePage.java:22)
at automation.testsuite.TestHomePage.placeOrderWithoutName(TestHomePage.java:50)
at java.base/java.util.ArrayList.forEach(ArrayList.java:1596)
... Removed 28 stack frames]]>
    </failure>
  </testcase> <!-- placeOrderWithoutName -->
  <testcase classname="automation.testsuite.TestHomePage" name="placeOrderWithoutPhone" time="1.514">
    <failure type="org.openqa.selenium.ElementClickInterceptedException" message="Element &amp;lt;a class=&amp;quot;cursor-pointer relative bg-white product-card xs:pt-2.5 md:pt-4 xs:px-3 md:px-[11px] xs:pb-3 md:pb-6 border border-grey-100 p-1 w-1/2 md:w-1/3 lg:w-1/4&amp;quot; href=&amp;quot;/bep-tu-doi-kainer-ka-265&amp;quot;&amp;gt; is not clickable at point (497,704) because another element &amp;lt;img class=&amp;quot;w-full&amp;quot; src=&amp;quot;/images/icons/adv-messenger.png&amp;quot;&amp;gt; obscures it
Build info: version: &amp;apos;4.30.0&amp;apos;, revision: &amp;apos;509c7f17cc*&amp;apos;
System info: os.name: &amp;apos;Windows 10&amp;apos;, os.arch: &amp;apos;amd64&amp;apos;, os.version: &amp;apos;10.0&amp;apos;, java.version: &amp;apos;21.0.6&amp;apos;
Driver info: org.openqa.selenium.firefox.FirefoxDriver
Command: [9dd3a41e-06d8-4add-b1a4-62bab45eae86, clickElement {id=16502ca6-db22-42b4-a97b-9cecea6a0ac9}]
Capabilities {acceptInsecureCerts: true, browserName: firefox, browserVersion: 137.0, moz:accessibilityChecks: false, moz:buildID: 20250327043313, moz:geckodriverVersion: 0.36.0, moz:headless: false, moz:platformVersion: 10.0, moz:processID: 12908, moz:profile: C:\Users\admin\AppData\Loca..., moz:shutdownTimeout: 60000, moz:webdriverClick: true, moz:windowless: false, pageLoadStrategy: normal, platformName: windows, proxy: Proxy(), setWindowRect: true, strictFileInteractability: false, timeouts: {implicit: 0, pageLoad: 300000, script: 30000}, unhandledPromptBehavior: dismiss and notify, userAgent: Mozilla/5.0 (Windows NT 10....}
Element: [[FirefoxDriver: firefox on windows (9dd3a41e-06d8-4add-b1a4-62bab45eae86)] -&amp;gt; xpath: (//div[@class = &amp;apos;flex flex-wrap product-list&amp;apos;]//a)[1]]
Session ID: 9dd3a41e-06d8-4add-b1a4-62bab45eae86">
      <![CDATA[org.openqa.selenium.ElementClickInterceptedException: Element <a class="cursor-pointer relative bg-white product-card xs:pt-2.5 md:pt-4 xs:px-3 md:px-[11px] xs:pb-3 md:pb-6 border border-grey-100 p-1 w-1/2 md:w-1/3 lg:w-1/4" href="/bep-tu-doi-kainer-ka-265"> is not clickable at point (497,704) because another element <img class="w-full" src="/images/icons/adv-messenger.png"> obscures it
Build info: version: '4.30.0', revision: '509c7f17cc*'
System info: os.name: 'Windows 10', os.arch: 'amd64', os.version: '10.0', java.version: '21.0.6'
Driver info: org.openqa.selenium.firefox.FirefoxDriver
Command: [9dd3a41e-06d8-4add-b1a4-62bab45eae86, clickElement {id=16502ca6-db22-42b4-a97b-9cecea6a0ac9}]
Capabilities {acceptInsecureCerts: true, browserName: firefox, browserVersion: 137.0, moz:accessibilityChecks: false, moz:buildID: 20250327043313, moz:geckodriverVersion: 0.36.0, moz:headless: false, moz:platformVersion: 10.0, moz:processID: 12908, moz:profile: C:\Users\admin\AppData\Loca..., moz:shutdownTimeout: 60000, moz:webdriverClick: true, moz:windowless: false, pageLoadStrategy: normal, platformName: windows, proxy: Proxy(), setWindowRect: true, strictFileInteractability: false, timeouts: {implicit: 0, pageLoad: 300000, script: 30000}, unhandledPromptBehavior: dismiss and notify, userAgent: Mozilla/5.0 (Windows NT 10....}
Element: [[FirefoxDriver: firefox on windows (9dd3a41e-06d8-4add-b1a4-62bab45eae86)] -> xpath: (//div[@class = 'flex flex-wrap product-list']//a)[1]]
Session ID: 9dd3a41e-06d8-4add-b1a4-62bab45eae86
at org.openqa.selenium.remote.ErrorCodec.decode(ErrorCodec.java:167)
at org.openqa.selenium.remote.codec.w3c.W3CHttpResponseCodec.decode(W3CHttpResponseCodec.java:138)
at org.openqa.selenium.remote.codec.w3c.W3CHttpResponseCodec.decode(W3CHttpResponseCodec.java:50)
at org.openqa.selenium.remote.HttpCommandExecutor.execute(HttpCommandExecutor.java:215)
at org.openqa.selenium.remote.service.DriverCommandExecutor.invokeExecute(DriverCommandExecutor.java:216)
at org.openqa.selenium.remote.service.DriverCommandExecutor.execute(DriverCommandExecutor.java:174)
at org.openqa.selenium.remote.RemoteWebDriver.execute(RemoteWebDriver.java:545)
at org.openqa.selenium.remote.RemoteWebElement.execute(RemoteWebElement.java:223)
at org.openqa.selenium.remote.RemoteWebElement.click(RemoteWebElement.java:76)
at automation.common.CommonBase.clickToElement(CommonBase.java:121)
at automation.pageLocators.BepHomePage.OrderBepTuProd(BepHomePage.java:26)
at automation.testsuite.TestHomePage.placeOrderWithoutPhone(TestHomePage.java:59)
at java.base/java.util.ArrayList.forEach(ArrayList.java:1596)
... Removed 28 stack frames]]>
    </failure>
  </testcase> <!-- placeOrderWithoutPhone -->
  <testcase classname="automation.testsuite.TestHomePage" name="placeOrderWithWrongPhone" time="2.131">
    <failure type="org.openqa.selenium.ElementClickInterceptedException" message="Element &amp;lt;a class=&amp;quot;cursor-pointer relative bg-white product-card xs:pt-2.5 md:pt-4 xs:px-3 md:px-[11px] xs:pb-3 md:pb-6 border border-grey-100 p-1 w-1/2 md:w-1/3 lg:w-1/4&amp;quot; href=&amp;quot;/bep-tu-doi-bosch-ppi82560ms1&amp;quot;&amp;gt; is not clickable at point (497,726) because another element &amp;lt;img class=&amp;quot;w-full&amp;quot; src=&amp;quot;/images/icons/adv-messenger.png&amp;quot;&amp;gt; obscures it
Build info: version: &amp;apos;4.30.0&amp;apos;, revision: &amp;apos;509c7f17cc*&amp;apos;
System info: os.name: &amp;apos;Windows 10&amp;apos;, os.arch: &amp;apos;amd64&amp;apos;, os.version: &amp;apos;10.0&amp;apos;, java.version: &amp;apos;21.0.6&amp;apos;
Driver info: org.openqa.selenium.firefox.FirefoxDriver
Command: [e6e1719f-a330-4a46-97e4-fec787a00589, clickElement {id=12bdd907-3cea-44c8-acd5-ac63fe5a6bbd}]
Capabilities {acceptInsecureCerts: true, browserName: firefox, browserVersion: 137.0, moz:accessibilityChecks: false, moz:buildID: 20250327043313, moz:geckodriverVersion: 0.36.0, moz:headless: false, moz:platformVersion: 10.0, moz:processID: 10288, moz:profile: C:\Users\admin\AppData\Loca..., moz:shutdownTimeout: 60000, moz:webdriverClick: true, moz:windowless: false, pageLoadStrategy: normal, platformName: windows, proxy: Proxy(), setWindowRect: true, strictFileInteractability: false, timeouts: {implicit: 0, pageLoad: 300000, script: 30000}, unhandledPromptBehavior: dismiss and notify, userAgent: Mozilla/5.0 (Windows NT 10....}
Element: [[FirefoxDriver: firefox on windows (e6e1719f-a330-4a46-97e4-fec787a00589)] -&amp;gt; xpath: (//div[@class = &amp;apos;flex flex-wrap product-list&amp;apos;]//a)[1]]
Session ID: e6e1719f-a330-4a46-97e4-fec787a00589">
      <![CDATA[org.openqa.selenium.ElementClickInterceptedException: Element <a class="cursor-pointer relative bg-white product-card xs:pt-2.5 md:pt-4 xs:px-3 md:px-[11px] xs:pb-3 md:pb-6 border border-grey-100 p-1 w-1/2 md:w-1/3 lg:w-1/4" href="/bep-tu-doi-bosch-ppi82560ms1"> is not clickable at point (497,726) because another element <img class="w-full" src="/images/icons/adv-messenger.png"> obscures it
Build info: version: '4.30.0', revision: '509c7f17cc*'
System info: os.name: 'Windows 10', os.arch: 'amd64', os.version: '10.0', java.version: '21.0.6'
Driver info: org.openqa.selenium.firefox.FirefoxDriver
Command: [e6e1719f-a330-4a46-97e4-fec787a00589, clickElement {id=12bdd907-3cea-44c8-acd5-ac63fe5a6bbd}]
Capabilities {acceptInsecureCerts: true, browserName: firefox, browserVersion: 137.0, moz:accessibilityChecks: false, moz:buildID: 20250327043313, moz:geckodriverVersion: 0.36.0, moz:headless: false, moz:platformVersion: 10.0, moz:processID: 10288, moz:profile: C:\Users\admin\AppData\Loca..., moz:shutdownTimeout: 60000, moz:webdriverClick: true, moz:windowless: false, pageLoadStrategy: normal, platformName: windows, proxy: Proxy(), setWindowRect: true, strictFileInteractability: false, timeouts: {implicit: 0, pageLoad: 300000, script: 30000}, unhandledPromptBehavior: dismiss and notify, userAgent: Mozilla/5.0 (Windows NT 10....}
Element: [[FirefoxDriver: firefox on windows (e6e1719f-a330-4a46-97e4-fec787a00589)] -> xpath: (//div[@class = 'flex flex-wrap product-list']//a)[1]]
Session ID: e6e1719f-a330-4a46-97e4-fec787a00589
at org.openqa.selenium.remote.ErrorCodec.decode(ErrorCodec.java:167)
at org.openqa.selenium.remote.codec.w3c.W3CHttpResponseCodec.decode(W3CHttpResponseCodec.java:138)
at org.openqa.selenium.remote.codec.w3c.W3CHttpResponseCodec.decode(W3CHttpResponseCodec.java:50)
at org.openqa.selenium.remote.HttpCommandExecutor.execute(HttpCommandExecutor.java:215)
at org.openqa.selenium.remote.service.DriverCommandExecutor.invokeExecute(DriverCommandExecutor.java:216)
at org.openqa.selenium.remote.service.DriverCommandExecutor.execute(DriverCommandExecutor.java:174)
at org.openqa.selenium.remote.RemoteWebDriver.execute(RemoteWebDriver.java:545)
at org.openqa.selenium.remote.RemoteWebElement.execute(RemoteWebElement.java:223)
at org.openqa.selenium.remote.RemoteWebElement.click(RemoteWebElement.java:76)
at automation.common.CommonBase.clickToElement(CommonBase.java:121)
at automation.pageLocators.BepHomePage.OrderBepTuProd(BepHomePage.java:26)
at automation.testsuite.TestHomePage.placeOrderWithWrongPhone(TestHomePage.java:68)
at java.base/java.util.ArrayList.forEach(ArrayList.java:1596)
... Removed 28 stack frames]]>
    </failure>
  </testcase> <!-- placeOrderWithWrongPhone -->
  <testcase classname="automation.testsuite.TestHomePage" name="placeOrderInvalidName_1" time="1.428">
    <failure type="org.openqa.selenium.ElementClickInterceptedException" message="Element &amp;lt;a class=&amp;quot;cursor-pointer relative bg-white product-card xs:pt-2.5 md:pt-4 xs:px-3 md:px-[11px] xs:pb-3 md:pb-6 border border-grey-100 p-1 w-1/2 md:w-1/3 lg:w-1/4&amp;quot; href=&amp;quot;/bep-tu-doi-kainer-ka-265&amp;quot;&amp;gt; is not clickable at point (497,704) because another element &amp;lt;img class=&amp;quot;w-full&amp;quot; src=&amp;quot;/images/icons/adv-messenger.png&amp;quot;&amp;gt; obscures it
Build info: version: &amp;apos;4.30.0&amp;apos;, revision: &amp;apos;509c7f17cc*&amp;apos;
System info: os.name: &amp;apos;Windows 10&amp;apos;, os.arch: &amp;apos;amd64&amp;apos;, os.version: &amp;apos;10.0&amp;apos;, java.version: &amp;apos;21.0.6&amp;apos;
Driver info: org.openqa.selenium.firefox.FirefoxDriver
Command: [adac6b54-ec8a-4e73-a5a7-33921a47ddf5, clickElement {id=0b76b68b-242a-45f2-9ec0-7dcc4f8fd5bd}]
Capabilities {acceptInsecureCerts: true, browserName: firefox, browserVersion: 137.0, moz:accessibilityChecks: false, moz:buildID: 20250327043313, moz:geckodriverVersion: 0.36.0, moz:headless: false, moz:platformVersion: 10.0, moz:processID: 14904, moz:profile: C:\Users\admin\AppData\Loca..., moz:shutdownTimeout: 60000, moz:webdriverClick: true, moz:windowless: false, pageLoadStrategy: normal, platformName: windows, proxy: Proxy(), setWindowRect: true, strictFileInteractability: false, timeouts: {implicit: 0, pageLoad: 300000, script: 30000}, unhandledPromptBehavior: dismiss and notify, userAgent: Mozilla/5.0 (Windows NT 10....}
Element: [[FirefoxDriver: firefox on windows (adac6b54-ec8a-4e73-a5a7-33921a47ddf5)] -&amp;gt; xpath: (//div[@class = &amp;apos;flex flex-wrap product-list&amp;apos;]//a)[1]]
Session ID: adac6b54-ec8a-4e73-a5a7-33921a47ddf5">
      <![CDATA[org.openqa.selenium.ElementClickInterceptedException: Element <a class="cursor-pointer relative bg-white product-card xs:pt-2.5 md:pt-4 xs:px-3 md:px-[11px] xs:pb-3 md:pb-6 border border-grey-100 p-1 w-1/2 md:w-1/3 lg:w-1/4" href="/bep-tu-doi-kainer-ka-265"> is not clickable at point (497,704) because another element <img class="w-full" src="/images/icons/adv-messenger.png"> obscures it
Build info: version: '4.30.0', revision: '509c7f17cc*'
System info: os.name: 'Windows 10', os.arch: 'amd64', os.version: '10.0', java.version: '21.0.6'
Driver info: org.openqa.selenium.firefox.FirefoxDriver
Command: [adac6b54-ec8a-4e73-a5a7-33921a47ddf5, clickElement {id=0b76b68b-242a-45f2-9ec0-7dcc4f8fd5bd}]
Capabilities {acceptInsecureCerts: true, browserName: firefox, browserVersion: 137.0, moz:accessibilityChecks: false, moz:buildID: 20250327043313, moz:geckodriverVersion: 0.36.0, moz:headless: false, moz:platformVersion: 10.0, moz:processID: 14904, moz:profile: C:\Users\admin\AppData\Loca..., moz:shutdownTimeout: 60000, moz:webdriverClick: true, moz:windowless: false, pageLoadStrategy: normal, platformName: windows, proxy: Proxy(), setWindowRect: true, strictFileInteractability: false, timeouts: {implicit: 0, pageLoad: 300000, script: 30000}, unhandledPromptBehavior: dismiss and notify, userAgent: Mozilla/5.0 (Windows NT 10....}
Element: [[FirefoxDriver: firefox on windows (adac6b54-ec8a-4e73-a5a7-33921a47ddf5)] -> xpath: (//div[@class = 'flex flex-wrap product-list']//a)[1]]
Session ID: adac6b54-ec8a-4e73-a5a7-33921a47ddf5
at org.openqa.selenium.remote.ErrorCodec.decode(ErrorCodec.java:167)
at org.openqa.selenium.remote.codec.w3c.W3CHttpResponseCodec.decode(W3CHttpResponseCodec.java:138)
at org.openqa.selenium.remote.codec.w3c.W3CHttpResponseCodec.decode(W3CHttpResponseCodec.java:50)
at org.openqa.selenium.remote.HttpCommandExecutor.execute(HttpCommandExecutor.java:215)
at org.openqa.selenium.remote.service.DriverCommandExecutor.invokeExecute(DriverCommandExecutor.java:216)
at org.openqa.selenium.remote.service.DriverCommandExecutor.execute(DriverCommandExecutor.java:174)
at org.openqa.selenium.remote.RemoteWebDriver.execute(RemoteWebDriver.java:545)
at org.openqa.selenium.remote.RemoteWebElement.execute(RemoteWebElement.java:223)
at org.openqa.selenium.remote.RemoteWebElement.click(RemoteWebElement.java:76)
at automation.common.CommonBase.clickToElement(CommonBase.java:121)
at automation.pageLocators.BepHomePage.OrderBepTuProd(BepHomePage.java:26)
at automation.testsuite.TestHomePage.placeOrderInvalidName_1(TestHomePage.java:76)
at java.base/java.util.ArrayList.forEach(ArrayList.java:1596)
... Removed 28 stack frames]]>
    </failure>
  </testcase> <!-- placeOrderInvalidName_1 -->
  <testcase classname="automation.testsuite.TestHomePage" name="placeOrderInvalidName_2" time="1.405">
    <failure type="org.openqa.selenium.ElementClickInterceptedException" message="Element &amp;lt;a class=&amp;quot;cursor-pointer relative bg-white product-card xs:pt-2.5 md:pt-4 xs:px-3 md:px-[11px] xs:pb-3 md:pb-6 border border-grey-100 p-1 w-1/2 md:w-1/3 lg:w-1/4&amp;quot; href=&amp;quot;/bep-tu-doi-bosch-ppi82560ms1&amp;quot;&amp;gt; is not clickable at point (497,726) because another element &amp;lt;img class=&amp;quot;w-full&amp;quot; src=&amp;quot;/images/icons/adv-messenger.png&amp;quot;&amp;gt; obscures it
Build info: version: &amp;apos;4.30.0&amp;apos;, revision: &amp;apos;509c7f17cc*&amp;apos;
System info: os.name: &amp;apos;Windows 10&amp;apos;, os.arch: &amp;apos;amd64&amp;apos;, os.version: &amp;apos;10.0&amp;apos;, java.version: &amp;apos;21.0.6&amp;apos;
Driver info: org.openqa.selenium.firefox.FirefoxDriver
Command: [5496ea76-1ad5-4b94-9fae-e7457881e9d1, clickElement {id=75c09ab3-689e-477d-9f28-c6dadadac4a0}]
Capabilities {acceptInsecureCerts: true, browserName: firefox, browserVersion: 137.0, moz:accessibilityChecks: false, moz:buildID: 20250327043313, moz:geckodriverVersion: 0.36.0, moz:headless: false, moz:platformVersion: 10.0, moz:processID: 19572, moz:profile: C:\Users\admin\AppData\Loca..., moz:shutdownTimeout: 60000, moz:webdriverClick: true, moz:windowless: false, pageLoadStrategy: normal, platformName: windows, proxy: Proxy(), setWindowRect: true, strictFileInteractability: false, timeouts: {implicit: 0, pageLoad: 300000, script: 30000}, unhandledPromptBehavior: dismiss and notify, userAgent: Mozilla/5.0 (Windows NT 10....}
Element: [[FirefoxDriver: firefox on windows (5496ea76-1ad5-4b94-9fae-e7457881e9d1)] -&amp;gt; xpath: (//div[@class = &amp;apos;flex flex-wrap product-list&amp;apos;]//a)[1]]
Session ID: 5496ea76-1ad5-4b94-9fae-e7457881e9d1">
      <![CDATA[org.openqa.selenium.ElementClickInterceptedException: Element <a class="cursor-pointer relative bg-white product-card xs:pt-2.5 md:pt-4 xs:px-3 md:px-[11px] xs:pb-3 md:pb-6 border border-grey-100 p-1 w-1/2 md:w-1/3 lg:w-1/4" href="/bep-tu-doi-bosch-ppi82560ms1"> is not clickable at point (497,726) because another element <img class="w-full" src="/images/icons/adv-messenger.png"> obscures it
Build info: version: '4.30.0', revision: '509c7f17cc*'
System info: os.name: 'Windows 10', os.arch: 'amd64', os.version: '10.0', java.version: '21.0.6'
Driver info: org.openqa.selenium.firefox.FirefoxDriver
Command: [5496ea76-1ad5-4b94-9fae-e7457881e9d1, clickElement {id=75c09ab3-689e-477d-9f28-c6dadadac4a0}]
Capabilities {acceptInsecureCerts: true, browserName: firefox, browserVersion: 137.0, moz:accessibilityChecks: false, moz:buildID: 20250327043313, moz:geckodriverVersion: 0.36.0, moz:headless: false, moz:platformVersion: 10.0, moz:processID: 19572, moz:profile: C:\Users\admin\AppData\Loca..., moz:shutdownTimeout: 60000, moz:webdriverClick: true, moz:windowless: false, pageLoadStrategy: normal, platformName: windows, proxy: Proxy(), setWindowRect: true, strictFileInteractability: false, timeouts: {implicit: 0, pageLoad: 300000, script: 30000}, unhandledPromptBehavior: dismiss and notify, userAgent: Mozilla/5.0 (Windows NT 10....}
Element: [[FirefoxDriver: firefox on windows (5496ea76-1ad5-4b94-9fae-e7457881e9d1)] -> xpath: (//div[@class = 'flex flex-wrap product-list']//a)[1]]
Session ID: 5496ea76-1ad5-4b94-9fae-e7457881e9d1
at org.openqa.selenium.remote.ErrorCodec.decode(ErrorCodec.java:167)
at org.openqa.selenium.remote.codec.w3c.W3CHttpResponseCodec.decode(W3CHttpResponseCodec.java:138)
at org.openqa.selenium.remote.codec.w3c.W3CHttpResponseCodec.decode(W3CHttpResponseCodec.java:50)
at org.openqa.selenium.remote.HttpCommandExecutor.execute(HttpCommandExecutor.java:215)
at org.openqa.selenium.remote.service.DriverCommandExecutor.invokeExecute(DriverCommandExecutor.java:216)
at org.openqa.selenium.remote.service.DriverCommandExecutor.execute(DriverCommandExecutor.java:174)
at org.openqa.selenium.remote.RemoteWebDriver.execute(RemoteWebDriver.java:545)
at org.openqa.selenium.remote.RemoteWebElement.execute(RemoteWebElement.java:223)
at org.openqa.selenium.remote.RemoteWebElement.click(RemoteWebElement.java:76)
at automation.common.CommonBase.clickToElement(CommonBase.java:121)
at automation.pageLocators.BepHomePage.OrderBepTuProd(BepHomePage.java:26)
at automation.testsuite.TestHomePage.placeOrderInvalidName_2(TestHomePage.java:85)
at java.base/java.util.ArrayList.forEach(ArrayList.java:1596)
... Removed 28 stack frames]]>
    </failure>
  </testcase> <!-- placeOrderInvalidName_2 -->
  <testcase classname="automation.testsuite.TestHomePage" name="placeOrderInvalidPhone_1" time="1.945">
    <failure type="org.openqa.selenium.ElementClickInterceptedException" message="Element &amp;lt;a class=&amp;quot;cursor-pointer relative bg-white product-card xs:pt-2.5 md:pt-4 xs:px-3 md:px-[11px] xs:pb-3 md:pb-6 border border-grey-100 p-1 w-1/2 md:w-1/3 lg:w-1/4&amp;quot; href=&amp;quot;/bep-tu-doi-bosch-ppi82560ms1&amp;quot;&amp;gt; is not clickable at point (497,726) because another element &amp;lt;img class=&amp;quot;w-full&amp;quot; src=&amp;quot;/images/icons/adv-messenger.png&amp;quot;&amp;gt; obscures it
Build info: version: &amp;apos;4.30.0&amp;apos;, revision: &amp;apos;509c7f17cc*&amp;apos;
System info: os.name: &amp;apos;Windows 10&amp;apos;, os.arch: &amp;apos;amd64&amp;apos;, os.version: &amp;apos;10.0&amp;apos;, java.version: &amp;apos;21.0.6&amp;apos;
Driver info: org.openqa.selenium.firefox.FirefoxDriver
Command: [8f9fe68e-bbee-4968-ba07-cb57e9a2f75c, clickElement {id=8d9acffb-206c-465a-af61-2c60d3d3a34f}]
Capabilities {acceptInsecureCerts: true, browserName: firefox, browserVersion: 137.0, moz:accessibilityChecks: false, moz:buildID: 20250327043313, moz:geckodriverVersion: 0.36.0, moz:headless: false, moz:platformVersion: 10.0, moz:processID: 15264, moz:profile: C:\Users\admin\AppData\Loca..., moz:shutdownTimeout: 60000, moz:webdriverClick: true, moz:windowless: false, pageLoadStrategy: normal, platformName: windows, proxy: Proxy(), setWindowRect: true, strictFileInteractability: false, timeouts: {implicit: 0, pageLoad: 300000, script: 30000}, unhandledPromptBehavior: dismiss and notify, userAgent: Mozilla/5.0 (Windows NT 10....}
Element: [[FirefoxDriver: firefox on windows (8f9fe68e-bbee-4968-ba07-cb57e9a2f75c)] -&amp;gt; xpath: (//div[@class = &amp;apos;flex flex-wrap product-list&amp;apos;]//a)[1]]
Session ID: 8f9fe68e-bbee-4968-ba07-cb57e9a2f75c">
      <![CDATA[org.openqa.selenium.ElementClickInterceptedException: Element <a class="cursor-pointer relative bg-white product-card xs:pt-2.5 md:pt-4 xs:px-3 md:px-[11px] xs:pb-3 md:pb-6 border border-grey-100 p-1 w-1/2 md:w-1/3 lg:w-1/4" href="/bep-tu-doi-bosch-ppi82560ms1"> is not clickable at point (497,726) because another element <img class="w-full" src="/images/icons/adv-messenger.png"> obscures it
Build info: version: '4.30.0', revision: '509c7f17cc*'
System info: os.name: 'Windows 10', os.arch: 'amd64', os.version: '10.0', java.version: '21.0.6'
Driver info: org.openqa.selenium.firefox.FirefoxDriver
Command: [8f9fe68e-bbee-4968-ba07-cb57e9a2f75c, clickElement {id=8d9acffb-206c-465a-af61-2c60d3d3a34f}]
Capabilities {acceptInsecureCerts: true, browserName: firefox, browserVersion: 137.0, moz:accessibilityChecks: false, moz:buildID: 20250327043313, moz:geckodriverVersion: 0.36.0, moz:headless: false, moz:platformVersion: 10.0, moz:processID: 15264, moz:profile: C:\Users\admin\AppData\Loca..., moz:shutdownTimeout: 60000, moz:webdriverClick: true, moz:windowless: false, pageLoadStrategy: normal, platformName: windows, proxy: Proxy(), setWindowRect: true, strictFileInteractability: false, timeouts: {implicit: 0, pageLoad: 300000, script: 30000}, unhandledPromptBehavior: dismiss and notify, userAgent: Mozilla/5.0 (Windows NT 10....}
Element: [[FirefoxDriver: firefox on windows (8f9fe68e-bbee-4968-ba07-cb57e9a2f75c)] -> xpath: (//div[@class = 'flex flex-wrap product-list']//a)[1]]
Session ID: 8f9fe68e-bbee-4968-ba07-cb57e9a2f75c
at org.openqa.selenium.remote.ErrorCodec.decode(ErrorCodec.java:167)
at org.openqa.selenium.remote.codec.w3c.W3CHttpResponseCodec.decode(W3CHttpResponseCodec.java:138)
at org.openqa.selenium.remote.codec.w3c.W3CHttpResponseCodec.decode(W3CHttpResponseCodec.java:50)
at org.openqa.selenium.remote.HttpCommandExecutor.execute(HttpCommandExecutor.java:215)
at org.openqa.selenium.remote.service.DriverCommandExecutor.invokeExecute(DriverCommandExecutor.java:216)
at org.openqa.selenium.remote.service.DriverCommandExecutor.execute(DriverCommandExecutor.java:174)
at org.openqa.selenium.remote.RemoteWebDriver.execute(RemoteWebDriver.java:545)
at org.openqa.selenium.remote.RemoteWebElement.execute(RemoteWebElement.java:223)
at org.openqa.selenium.remote.RemoteWebElement.click(RemoteWebElement.java:76)
at automation.common.CommonBase.clickToElement(CommonBase.java:121)
at automation.pageLocators.BepHomePage.OrderBepTuProd(BepHomePage.java:26)
at automation.testsuite.TestHomePage.placeOrderInvalidPhone_1(TestHomePage.java:94)
at java.base/java.util.ArrayList.forEach(ArrayList.java:1596)
... Removed 28 stack frames]]>
    </failure>
  </testcase> <!-- placeOrderInvalidPhone_1 -->
</testsuite> <!-- TestProject with firefox -->
