<?xml version="1.0" encoding="UTF-8"?>
<!-- Generated by org.testng.reporters.JUnitXMLReporter -->
<testsuite ignored="0" hostname="DESKTOP-JSGTNCE" failures="0" tests="5" name="TestProject with edge: Place Order" time="275.224" errors="0" timestamp="2025-04-14T09:17:15 ICT">
  <testcase classname="automation.testsuite.TestHomePage" name="placeOrderWithoutInfo_BepTu" time="34.637"/>
  <testcase classname="automation.testsuite.TestHomePage" name="placeOrderWithoutPhoneAndAdress" time="12.846"/>
  <testcase classname="automation.testsuite.TestHomePage" name="placeOrderWithoutName" time="0.0">
    <skipped/>
  </testcase> <!-- placeOrderWithoutName -->
  <testcase classname="automation.testsuite.TestHomePage" name="placeOrderWithoutPhone" time="0.0">
    <skipped/>
  </testcase> <!-- placeOrderWithoutPhone -->
  <testcase classname="automation.testsuite.TestHomePage" name="placeOrderWithWrongPhone" time="0.0">
    <skipped/>
  </testcase> <!-- placeOrderWithWrongPhone -->
</testsuite> <!-- TestProject with edge: Place Order -->
