<?xml version="1.0" encoding="UTF-8"?>
<!-- Generated by org.testng.reporters.JUnitXMLReporter -->
<testsuite ignored="0" hostname="DESKTOP-JSGTNCE" failures="0" tests="2" name="TestProject with FireFox: Find built-in gas stove" time="76.696" errors="0" timestamp="2025-04-14T09:19:10 ICT">
  <testcase classname="automation.testsuite.FindBepGasProd" name="FindProEngland" time="5.514"/>
  <testcase classname="automation.testsuite.FindBepGasProd" name="FindProd" time="5.683"/>
</testsuite> <!-- TestProject with FireFox: Find built-in gas stove -->
